2024-05-10 22:08:04 | 10_m_complex | {"data_name": "10_m", "name": "10_m_complex", "step": "meta_train", "metatrain_state": "./state/2_m_distmult/2_m_distmult.best", "state_dir": "./state", "log_dir": "./log", "tb_log_dir": "./tb_log", "num_train_subgraph": 10000, "num_valid_subgraph": 300, "num_sample_for_estimate_size": 50, "rw_0": 10, "rw_1": 10, "rw_2": 5, "num_sample_cand": 5, "metatrain_num_neg": 8, "metatrain_num_epoch": 10, "metatrain_bs": 4, "metatrain_lr": 0.01, "metatrain_check_per_step": 10, "kge": "ComplEx", "gamma": 10, "adv_temp": 1, "gpu": "cuda:3", "seed": 1234, "num_layers": 3, "num_bases": 4, "emb_dim": 32, "ent_dim": 64, "rel_dim": 32, "data_path": "./data/10_m.pkl", "db_path": "./data/10_m_subgraph", "num_rel": 232}
2024-05-10 22:09:10 | 10_m_complex | {"data_name": "10_m", "name": "10_m_complex", "step": "meta_train", "metatrain_state": "./state/2_m_distmult/2_m_distmult.best", "state_dir": "./state", "log_dir": "./log", "tb_log_dir": "./tb_log", "num_train_subgraph": 10000, "num_valid_subgraph": 300, "num_sample_for_estimate_size": 50, "rw_0": 10, "rw_1": 10, "rw_2": 5, "num_sample_cand": 5, "metatrain_num_neg": 8, "metatrain_num_epoch": 10, "metatrain_bs": 4, "metatrain_lr": 0.01, "metatrain_check_per_step": 10, "kge": "ComplEx", "gamma": 10, "adv_temp": 1, "gpu": "cuda:6", "seed": 1234, "num_layers": 3, "num_bases": 4, "emb_dim": 32, "ent_dim": 64, "rel_dim": 32, "data_path": "./data/10_m.pkl", "db_path": "./data/10_m_subgraph", "num_rel": 232}
2024-05-10 22:10:12 | 10_m_complex | {"data_name": "10_m", "name": "10_m_complex", "step": "meta_train", "metatrain_state": "./state/2_m_distmult/2_m_distmult.best", "state_dir": "./state", "log_dir": "./log", "tb_log_dir": "./tb_log", "num_train_subgraph": 10000, "num_valid_subgraph": 300, "num_sample_for_estimate_size": 50, "rw_0": 10, "rw_1": 10, "rw_2": 5, "num_sample_cand": 5, "metatrain_num_neg": 8, "metatrain_num_epoch": 10, "metatrain_bs": 4, "metatrain_lr": 0.01, "metatrain_check_per_step": 10, "kge": "ComplEx", "gamma": 10, "adv_temp": 1, "gpu": "cuda:6", "seed": 1234, "num_layers": 3, "num_bases": 4, "emb_dim": 32, "ent_dim": 64, "rel_dim": 32, "data_path": "./data/10_m.pkl", "db_path": "./data/10_m_subgraph", "num_rel": 232}
2024-05-10 22:10:25 | 10_m_complex | start meta-training
2024-11-07 15:44:52 | 10_m_complex | {"data_name": "10_m", "name": "10_m_complex", "step": "meta_train", "metatrain_state": "./state/6_m_distmult/6_m_distmult.best", "state_dir": "./state", "log_dir": "./log", "tb_log_dir": "./tb_log", "data_path": "./data/10_m.pkl", "num_train_subgraph": 10000, "num_valid_subgraph": 300, "num_sample_for_estimate_size": 50, "rw_0": 10, "rw_1": 10, "rw_2": 5, "num_sample_cand": 5, "metatrain_num_neg": 8, "metatrain_num_epoch": 10, "metatrain_bs": 16, "metatrain_lr": 0.01, "metatrain_check_per_step": 20, "kge": "ComplEx", "gamma": 10, "adv_temp": 1, "gpu": "cuda:6", "seed": 1234, "num_ent": 7305, "num_rel": 232, "hid_size": 9278, "inp_drop": 0.2, "hid_drop": 0.3, "fet_drop": 0.2, "emb_shape": 20, "num_layers": 3, "num_bases": 4, "emb_dim": 32, "ent_dim": 64, "rel_dim": 64, "db_path": "./data/10_m_subgraph"}
2024-11-07 15:45:42 | 10_m_complex | {"data_name": "10_m", "name": "10_m_complex", "step": "meta_train", "metatrain_state": "./state/6_m_distmult/6_m_distmult.best", "state_dir": "./state", "log_dir": "./log", "tb_log_dir": "./tb_log", "data_path": "./data/10_m.pkl", "num_train_subgraph": 10000, "num_valid_subgraph": 300, "num_sample_for_estimate_size": 50, "rw_0": 10, "rw_1": 10, "rw_2": 5, "num_sample_cand": 5, "metatrain_num_neg": 8, "metatrain_num_epoch": 10, "metatrain_bs": 16, "metatrain_lr": 0.01, "metatrain_check_per_step": 20, "kge": "ComplEx", "gamma": 10, "adv_temp": 1, "gpu": "cuda:6", "seed": 1234, "num_ent": 7305, "num_rel": 232, "hid_size": 9278, "inp_drop": 0.2, "hid_drop": 0.3, "fet_drop": 0.2, "emb_shape": 20, "num_layers": 3, "num_bases": 4, "emb_dim": 32, "ent_dim": 64, "rel_dim": 64, "db_path": "./data/10_m_subgraph"}
2024-11-07 17:08:27 | 10_m_complex | {"data_name": "10_m", "name": "10_m_complex", "step": "meta_train", "metatrain_state": "./state/6_m_distmult/6_m_distmult.best", "state_dir": "./state", "log_dir": "./log", "tb_log_dir": "./tb_log", "data_path": "./data/10_m.pkl", "num_train_subgraph": 10000, "num_valid_subgraph": 300, "num_sample_for_estimate_size": 50, "rw_0": 10, "rw_1": 10, "rw_2": 5, "num_sample_cand": 5, "metatrain_num_neg": 8, "metatrain_num_epoch": 10, "metatrain_bs": 16, "metatrain_lr": 0.01, "metatrain_check_per_step": 20, "kge": "ComplEx", "gamma": 10, "adv_temp": 1, "gpu": "cuda:6", "seed": 1234, "num_ent": 7305, "num_rel": 232, "hid_size": 9278, "inp_drop": 0.2, "hid_drop": 0.3, "fet_drop": 0.2, "emb_shape": 20, "num_layers": 3, "num_bases": 4, "emb_dim": 32, "ent_dim": 64, "rel_dim": 64, "db_path": "./data/10_m_subgraph"}
2024-11-07 22:28:29 | 10_m_complex | {"data_name": "10_m", "name": "10_m_complex", "step": "meta_train", "metatrain_state": "./state/6_m_distmult/6_m_distmult.best", "state_dir": "./state", "log_dir": "./log", "tb_log_dir": "./tb_log", "data_path": "./data/10_m.pkl", "num_train_subgraph": 10000, "num_valid_subgraph": 300, "num_sample_for_estimate_size": 50, "rw_0": 10, "rw_1": 10, "rw_2": 5, "num_sample_cand": 5, "metatrain_num_neg": 8, "metatrain_num_epoch": 10, "metatrain_bs": 16, "metatrain_lr": 0.01, "metatrain_check_per_step": 20, "kge": "ComplEx", "gamma": 10, "adv_temp": 1, "gpu": "cuda:6", "seed": 1234, "num_ent": 7305, "num_rel": 232, "hid_size": 9278, "inp_drop": 0.2, "hid_drop": 0.3, "fet_drop": 0.2, "emb_shape": 20, "num_layers": 3, "num_bases": 4, "emb_dim": 32, "ent_dim": 64, "rel_dim": 64, "db_path": "./data/10_m_subgraph"}
2024-11-07 22:30:54 | 10_m_complex | {"data_name": "10_m", "name": "10_m_complex", "step": "meta_train", "metatrain_state": "./state/6_m_distmult/6_m_distmult.best", "state_dir": "./state", "log_dir": "./log", "tb_log_dir": "./tb_log", "data_path": "./data/10_m.pkl", "num_train_subgraph": 10000, "num_valid_subgraph": 300, "num_sample_for_estimate_size": 50, "rw_0": 10, "rw_1": 10, "rw_2": 5, "num_sample_cand": 5, "metatrain_num_neg": 8, "metatrain_num_epoch": 10, "metatrain_bs": 16, "metatrain_lr": 0.01, "metatrain_check_per_step": 20, "kge": "ComplEx", "gamma": 10, "adv_temp": 1, "gpu": "cuda:", "seed": 1234, "num_ent": 7305, "num_rel": 232, "hid_size": 9278, "inp_drop": 0.2, "hid_drop": 0.3, "fet_drop": 0.2, "emb_shape": 20, "num_layers": 3, "num_bases": 4, "emb_dim": 32, "ent_dim": 64, "rel_dim": 64, "db_path": "./data/10_m_subgraph"}
2024-11-07 22:31:50 | 10_m_complex | {"data_name": "10_m", "name": "10_m_complex", "step": "meta_train", "metatrain_state": "./state/6_m_distmult/6_m_distmult.best", "state_dir": "./state", "log_dir": "./log", "tb_log_dir": "./tb_log", "data_path": "./data/10_m.pkl", "num_train_subgraph": 10000, "num_valid_subgraph": 300, "num_sample_for_estimate_size": 50, "rw_0": 10, "rw_1": 10, "rw_2": 5, "num_sample_cand": 5, "metatrain_num_neg": 8, "metatrain_num_epoch": 10, "metatrain_bs": 16, "metatrain_lr": 0.01, "metatrain_check_per_step": 20, "kge": "ComplEx", "gamma": 10, "adv_temp": 1, "gpu": "cuda:", "seed": 1234, "num_ent": 7305, "num_rel": 232, "hid_size": 9278, "inp_drop": 0.2, "hid_drop": 0.3, "fet_drop": 0.2, "emb_shape": 20, "num_layers": 3, "num_bases": 4, "emb_dim": 32, "ent_dim": 64, "rel_dim": 64, "db_path": "./data/10_m_subgraph"}
2024-11-07 22:33:02 | 10_m_complex | {"data_name": "10_m", "name": "10_m_complex", "step": "meta_train", "metatrain_state": "./state/6_m_distmult/6_m_distmult.best", "state_dir": "./state", "log_dir": "./log", "tb_log_dir": "./tb_log", "data_path": "./data/10_m.pkl", "num_train_subgraph": 10000, "num_valid_subgraph": 300, "num_sample_for_estimate_size": 50, "rw_0": 10, "rw_1": 10, "rw_2": 5, "num_sample_cand": 5, "metatrain_num_neg": 8, "metatrain_num_epoch": 10, "metatrain_bs": 16, "metatrain_lr": 0.01, "metatrain_check_per_step": 20, "kge": "ComplEx", "gamma": 10, "adv_temp": 1, "gpu": "cuda:6", "seed": 1234, "num_ent": 7305, "num_rel": 232, "hid_size": 9278, "inp_drop": 0.2, "hid_drop": 0.3, "fet_drop": 0.2, "emb_shape": 20, "num_layers": 3, "num_bases": 4, "emb_dim": 32, "ent_dim": 64, "rel_dim": 64, "db_path": "./data/10_m_subgraph"}
2024-11-07 22:34:49 | 10_m_complex | {"data_name": "10_m", "name": "10_m_complex", "step": "meta_train", "metatrain_state": "./state/6_m_distmult/6_m_distmult.best", "state_dir": "./state", "log_dir": "./log", "tb_log_dir": "./tb_log", "data_path": "./data/10_m.pkl", "num_train_subgraph": 10000, "num_valid_subgraph": 300, "num_sample_for_estimate_size": 50, "rw_0": 10, "rw_1": 10, "rw_2": 5, "num_sample_cand": 5, "metatrain_num_neg": 8, "metatrain_num_epoch": 10, "metatrain_bs": 16, "metatrain_lr": 0.01, "metatrain_check_per_step": 20, "kge": "ComplEx", "gamma": 10, "adv_temp": 1, "gpu": "cuda:6", "seed": 1234, "num_ent": 7305, "num_rel": 232, "hid_size": 9278, "inp_drop": 0.2, "hid_drop": 0.3, "fet_drop": 0.2, "emb_shape": 20, "num_layers": 3, "num_bases": 4, "emb_dim": 32, "ent_dim": 64, "rel_dim": 64, "db_path": "./data/10_m_subgraph"}
2024-11-07 22:37:45 | 10_m_complex | {"data_name": "10_m", "name": "10_m_complex", "step": "meta_train", "metatrain_state": "./state/6_m_distmult/6_m_distmult.best", "state_dir": "./state", "log_dir": "./log", "tb_log_dir": "./tb_log", "data_path": "./data/10_m.pkl", "num_train_subgraph": 10000, "num_valid_subgraph": 300, "num_sample_for_estimate_size": 50, "rw_0": 10, "rw_1": 10, "rw_2": 5, "num_sample_cand": 5, "metatrain_num_neg": 8, "metatrain_num_epoch": 10, "metatrain_bs": 16, "metatrain_lr": 0.01, "metatrain_check_per_step": 20, "kge": "ComplEx", "gamma": 10, "adv_temp": 1, "gpu": "cuda:6", "seed": 1234, "num_ent": 7305, "num_rel": 232, "hid_size": 9278, "inp_drop": 0.2, "hid_drop": 0.3, "fet_drop": 0.2, "emb_shape": 20, "num_layers": 3, "num_bases": 4, "emb_dim": 32, "ent_dim": 64, "rel_dim": 64, "db_path": "./data/10_m_subgraph"}
2024-11-07 22:42:04 | 10_m_complex | {"data_name": "10_m", "name": "10_m_complex", "step": "meta_train", "metatrain_state": "./state/6_m_distmult/6_m_distmult.best", "state_dir": "./state", "log_dir": "./log", "tb_log_dir": "./tb_log", "data_path": "./data/10_m.pkl", "num_train_subgraph": 10000, "num_valid_subgraph": 300, "num_sample_for_estimate_size": 50, "rw_0": 10, "rw_1": 10, "rw_2": 5, "num_sample_cand": 5, "metatrain_num_neg": 8, "metatrain_num_epoch": 10, "metatrain_bs": 16, "metatrain_lr": 0.01, "metatrain_check_per_step": 20, "kge": "ComplEx", "gamma": 10, "adv_temp": 1, "gpu": "cuda:0", "seed": 1234, "num_ent": 7305, "num_rel": 232, "hid_size": 9278, "inp_drop": 0.2, "hid_drop": 0.3, "fet_drop": 0.2, "emb_shape": 20, "num_layers": 3, "num_bases": 4, "emb_dim": 32, "ent_dim": 64, "rel_dim": 64, "db_path": "./data/10_m_subgraph"}
2024-11-07 22:42:10 | 10_m_complex | start meta-training
2024-11-07 22:42:11 | 10_m_complex | step: 1 | loss: 1.3864
2024-11-07 22:42:12 | 10_m_complex | step: 2 | loss: 1.3802
2024-11-07 22:42:13 | 10_m_complex | step: 3 | loss: 1.3619
2024-11-07 22:42:14 | 10_m_complex | step: 4 | loss: 1.3475
2024-11-07 22:42:15 | 10_m_complex | step: 5 | loss: 1.3314
2024-11-07 22:42:16 | 10_m_complex | step: 6 | loss: 1.2848
2024-11-07 22:42:17 | 10_m_complex | step: 7 | loss: 1.2435
2024-11-07 22:42:18 | 10_m_complex | step: 8 | loss: 1.2610
2024-11-07 22:42:19 | 10_m_complex | step: 9 | loss: 1.7705
2024-11-07 22:42:20 | 10_m_complex | step: 10 | loss: 1.2261
2024-11-07 22:42:21 | 10_m_complex | step: 11 | loss: 1.2467
2024-11-07 22:42:22 | 10_m_complex | step: 12 | loss: 1.2344
2024-11-07 22:42:24 | 10_m_complex | step: 13 | loss: 1.1921
2024-11-07 22:42:25 | 10_m_complex | step: 14 | loss: 1.1777
2024-11-07 22:42:26 | 10_m_complex | step: 15 | loss: 1.1679
2024-11-07 22:42:27 | 10_m_complex | step: 16 | loss: 1.1701
2024-11-07 22:42:28 | 10_m_complex | step: 17 | loss: 1.2025
2024-11-07 22:42:29 | 10_m_complex | step: 18 | loss: 1.1565
2024-11-07 22:42:30 | 10_m_complex | step: 19 | loss: 1.1915
2024-11-07 22:42:31 | 10_m_complex | step: 20 | loss: 1.1675
2024-11-07 22:42:43 | 10_m_complex | test on test subgraphs
2024-11-07 22:42:43 | 10_m_complex | mrr: 0.3096, hits@1: 0.1796, hits@3: 0.3421, hits@10: 0.5916
2024-11-07 22:42:43 | 10_m_complex | best model | mrr 0.3096
2024-11-07 22:42:44 | 10_m_complex | step: 21 | loss: 1.1156
2024-11-07 22:42:45 | 10_m_complex | step: 22 | loss: 1.0922
2024-11-07 22:42:46 | 10_m_complex | step: 23 | loss: 1.0619
2024-11-07 22:42:48 | 10_m_complex | step: 24 | loss: 1.0694
2024-11-07 22:42:48 | 10_m_complex | step: 25 | loss: 1.0509
2024-11-07 22:42:50 | 10_m_complex | step: 26 | loss: 1.0531
2024-11-07 22:42:51 | 10_m_complex | step: 27 | loss: 1.0455
2024-11-07 22:42:52 | 10_m_complex | step: 28 | loss: 1.0615
2024-11-07 22:42:53 | 10_m_complex | step: 29 | loss: 1.0272
2024-11-07 22:42:54 | 10_m_complex | step: 30 | loss: 1.0341
2025-03-09 16:32:31 | 10_m_complex | {"data_name": "10_m", "name": "10_m_complex", "step": "meta_train", "metatrain_state": "./state/6_m_distmult/6_m_distmult.best", "state_dir": "./state", "log_dir": "./log", "tb_log_dir": "./tb_log", "data_path": "./data/10_m.pkl", "num_train_subgraph": 10000, "num_valid_subgraph": 300, "num_sample_for_estimate_size": 50, "rw_0": 10, "rw_1": 10, "rw_2": 5, "num_sample_cand": 5, "metatrain_num_neg": 8, "metatrain_num_epoch": 10, "metatrain_bs": 16, "metatrain_lr": 0.01, "metatrain_check_per_step": 20, "kge": "ComplEx", "gamma": 10, "adv_temp": 1, "gpu": "cuda:0", "seed": 1234, "num_ent": 7305, "num_rel": 232, "hid_size": 9278, "inp_drop": 0.2, "hid_drop": 0.3, "fet_drop": 0.2, "emb_shape": 20, "num_layers": 3, "num_bases": 4, "emb_dim": 32, "ent_dim": 64, "rel_dim": 64, "db_path": "./data/10_m_subgraph"}
2025-04-25 15:50:41 | 10_m_complex | {"data_name": "10_m", "name": "10_m_complex", "step": "meta_train", "metatrain_state": "./state/6_m_distmult/6_m_distmult.best", "state_dir": "./state", "log_dir": "./log", "tb_log_dir": "./tb_log", "data_path": "./data/10_m.pkl", "num_train_subgraph": 10000, "num_valid_subgraph": 300, "num_sample_for_estimate_size": 50, "rw_0": 10, "rw_1": 10, "rw_2": 5, "num_sample_cand": 5, "metatrain_num_neg": 8, "metatrain_num_epoch": 10, "metatrain_bs": 16, "metatrain_lr": 0.01, "metatrain_check_per_step": 20, "kge": "ComplEx", "gamma": 10, "adv_temp": 1, "gpu": "cuda:0", "seed": 1234, "num_ent": 7305, "num_rel": 232, "hid_size": 9278, "inp_drop": 0.2, "hid_drop": 0.3, "fet_drop": 0.2, "emb_shape": 20, "num_layers": 3, "num_bases": 4, "emb_dim": 32, "ent_dim": 64, "rel_dim": 64, "db_path": "./data/10_m_subgraph"}
2025-04-25 15:50:49 | 10_m_complex | start meta-training
2025-04-25 15:50:52 | 10_m_complex | step: 1 | loss: 1.3864
2025-04-25 15:50:53 | 10_m_complex | step: 2 | loss: 1.3802
2025-04-25 15:50:54 | 10_m_complex | step: 3 | loss: 1.3619
2025-04-25 15:50:56 | 10_m_complex | step: 4 | loss: 1.3475
2025-04-25 15:50:57 | 10_m_complex | step: 5 | loss: 1.3314
2025-04-25 15:50:58 | 10_m_complex | step: 6 | loss: 1.2848
2025-04-25 15:50:59 | 10_m_complex | step: 7 | loss: 1.2435
2025-04-25 15:51:00 | 10_m_complex | step: 8 | loss: 1.2602
2025-04-25 15:51:02 | 10_m_complex | step: 9 | loss: 1.7697
2025-04-25 15:51:03 | 10_m_complex | step: 10 | loss: 1.2247
2025-04-25 15:51:04 | 10_m_complex | step: 11 | loss: 1.2505
2025-04-25 15:51:05 | 10_m_complex | step: 12 | loss: 1.2355
